Arguments: 
  /Users/wmews/.nvm/versions/node/v7.4.0/bin/node /Users/wmews/homebrew/Cellar/yarn/1.21.1/libexec/bin/yarn.js init

PATH: 
  /Users/wmews/.nvm/versions/node/v7.4.0/bin:/Users/wmews/payara5/scripts:/Users/wmews/payara5/bin:/Users/wmews/homebrew/bin:/usr/local/bin:/usr/bin:/bin:/usr/sbin:/sbin

Yarn version: 
  1.21.1

Node version: 
  7.4.0

Platform: 
  darwin x64

Trace: 
  Error: canceled
      at Interface.<anonymous> (/Users/wmews/homebrew/Cellar/yarn/1.21.1/libexec/lib/cli.js:136925:13)
      at emitNone (events.js:86:13)
      at Interface.emit (events.js:185:7)
      at Interface._ttyWrite (readline.js:734:16)
      at ReadStream.onkeypress (readline.js:126:10)
      at emitTwo (events.js:106:13)
      at ReadStream.emit (events.js:191:7)
      at emitKeys (internal/readline.js:403:14)
      at emitKeys.next (<anonymous>)
      at ReadStream.onData (readline.js:981:36)

npm manifest: 
  No manifest

yarn manifest: 
  No manifest

Lockfile: 
  No lockfile
